This file contains any messages produced by compilers while
running configure, to aid debugging if configure makes a mistake.

It was created by Zoltan configure 3.6, which was
generated by GNU Autoconf 2.68.  Invocation command line was

  $ ../configure 

## --------- ##
## Platform. ##
## --------- ##

hostname = liec-PC
uname -m = x86_64
uname -r = 4.4.0-42-generic
uname -s = Linux
uname -v = #62~14.04.1-Ubuntu SMP Fri Oct 7 23:15:48 UTC 2016

/usr/bin/uname -p = unknown
/bin/uname -X     = unknown

/bin/arch              = unknown
/usr/bin/arch -k       = unknown
/usr/convex/getsysinfo = unknown
/usr/bin/hostinfo      = unknown
/bin/machine           = unknown
/usr/bin/oslevel       = unknown
/bin/universe          = unknown

PATH: /usr/local/sbin
PATH: /usr/local/bin
PATH: /usr/sbin
PATH: /usr/bin
PATH: /sbin
PATH: /bin
PATH: /usr/games
PATH: /usr/local/games


## ----------- ##
## Core tests. ##
## ----------- ##

configure:2235: checking whether to enable maintainer-specific portions of Makefiles
configure:2244: result: no
configure:2264: checking build system type
configure:2278: result: x86_64-unknown-linux-gnu
configure:2298: checking host system type
configure:2311: result: x86_64-unknown-linux-gnu
configure:2331: checking target system type
configure:2344: result: x86_64-unknown-linux-gnu
configure:2459: checking for a BSD-compatible install
configure:2527: result: /usr/bin/install -c
configure:2538: checking whether build environment is sane
configure:2588: result: yes
configure:2729: checking for a thread-safe mkdir -p
configure:2768: result: /bin/mkdir -p
configure:2781: checking for gawk
configure:2811: result: no
configure:2781: checking for mawk
configure:2797: found /usr/bin/mawk
configure:2808: result: mawk
configure:2819: checking whether make sets $(MAKE)
configure:2841: result: yes
configure:2907: checking how to create a ustar tar archive
configure:2920: tar --version
tar (GNU tar) 1.27.1
Copyright (C) 2013 Free Software Foundation, Inc.
License GPLv3+: GNU GPL version 3 or later <http://gnu.org/licenses/gpl.html>.
This is free software: you are free to change and redistribute it.
There is NO WARRANTY, to the extent permitted by law.

Written by John Gilmore and Jay Fenlason.
configure:2923: $? = 0
configure:2963: tardir=conftest.dir && eval tar --format=ustar -chf - "$tardir" >conftest.tar
configure:2966: $? = 0
configure:2970: tar -xf - <conftest.tar
configure:2973: $? = 0
configure:2986: result: gnutar
configure:3009: checking whether to use f90interface
configure:3019: result: no
configure:3060: checking whether to use zoltan-cppdriver
configure:3064: result: yes
configure:3187: checking for mpicc
configure:3205: found /usr/bin/mpicc
configure:3218: result: /usr/bin/mpicc
configure:3262: checking for mpicxx
configure:3280: found /usr/bin/mpicxx
configure:3292: result: /usr/bin/mpicxx
configure:3483: checking whether we are using MPI
configure:3485: result: yes
configure:3540: checking for style of include used by make
configure:3568: result: GNU
configure:3639: checking for gcc
configure:3666: result: /usr/bin/mpicc
configure:3895: checking for C compiler version
configure:3904: /usr/bin/mpicc --version >&5
gcc (Ubuntu 4.8.4-2ubuntu1~14.04.3) 4.8.4
Copyright (C) 2013 Free Software Foundation, Inc.
This is free software; see the source for copying conditions.  There is NO
warranty; not even for MERCHANTABILITY or FITNESS FOR A PARTICULAR PURPOSE.

configure:3915: $? = 0
configure:3904: /usr/bin/mpicc -v >&5
Using built-in specs.
COLLECT_GCC=/usr/bin/gcc
COLLECT_LTO_WRAPPER=/usr/lib/gcc/x86_64-linux-gnu/4.8/lto-wrapper
Target: x86_64-linux-gnu
Configured with: ../src/configure -v --with-pkgversion='Ubuntu 4.8.4-2ubuntu1~14.04.3' --with-bugurl=file:///usr/share/doc/gcc-4.8/README.Bugs --enable-languages=c,c++,java,go,d,fortran,objc,obj-c++ --prefix=/usr --program-suffix=-4.8 --enable-shared --enable-linker-build-id --libexecdir=/usr/lib --without-included-gettext --enable-threads=posix --with-gxx-include-dir=/usr/include/c++/4.8 --libdir=/usr/lib --enable-nls --with-sysroot=/ --enable-clocale=gnu --enable-libstdcxx-debug --enable-libstdcxx-time=yes --enable-gnu-unique-object --disable-libmudflap --enable-plugin --with-system-zlib --disable-browser-plugin --enable-java-awt=gtk --enable-gtk-cairo --with-java-home=/usr/lib/jvm/java-1.5.0-gcj-4.8-amd64/jre --enable-java-home --with-jvm-root-dir=/usr/lib/jvm/java-1.5.0-gcj-4.8-amd64 --with-jvm-jar-dir=/usr/lib/jvm-exports/java-1.5.0-gcj-4.8-amd64 --with-arch-directory=amd64 --with-ecj-jar=/usr/share/java/eclipse-ecj.jar --enable-objc-gc --enable-multiarch --disable-werror --with-arch-32=i686 --with-abi=m64 --with-multilib-list=m32,m64,mx32 --with-tune=generic --enable-checking=release --build=x86_64-linux-gnu --host=x86_64-linux-gnu --target=x86_64-linux-gnu
Thread model: posix
gcc version 4.8.4 (Ubuntu 4.8.4-2ubuntu1~14.04.3) 
configure:3915: $? = 0
configure:3904: /usr/bin/mpicc -V >&5
gcc: error: unrecognized command line option '-V'
gcc: fatal error: no input files
compilation terminated.
configure:3915: $? = 4
configure:3904: /usr/bin/mpicc -qversion >&5
gcc: error: unrecognized command line option '-qversion'
gcc: fatal error: no input files
compilation terminated.
configure:3915: $? = 4
configure:3935: checking whether the C compiler works
configure:3957: /usr/bin/mpicc    conftest.c  >&5
configure:3961: $? = 0
configure:4009: result: yes
configure:4012: checking for C compiler default output file name
configure:4014: result: a.out
configure:4020: checking for suffix of executables
configure:4027: /usr/bin/mpicc -o conftest    conftest.c  >&5
configure:4031: $? = 0
configure:4053: result: 
configure:4075: checking whether we are cross compiling
configure:4083: /usr/bin/mpicc -o conftest    conftest.c  >&5
configure:4087: $? = 0
configure:4094: ./conftest
configure:4098: $? = 0
configure:4113: result: no
configure:4118: checking for suffix of object files
configure:4140: /usr/bin/mpicc -c   conftest.c >&5
configure:4144: $? = 0
configure:4165: result: o
configure:4169: checking whether we are using the GNU C compiler
configure:4188: /usr/bin/mpicc -c   conftest.c >&5
configure:4188: $? = 0
configure:4197: result: yes
configure:4206: checking whether /usr/bin/mpicc accepts -g
configure:4226: /usr/bin/mpicc -c -g  conftest.c >&5
configure:4226: $? = 0
configure:4267: result: yes
configure:4284: checking for /usr/bin/mpicc option to accept ISO C89
configure:4348: /usr/bin/mpicc  -c -g -O2  conftest.c >&5
configure:4348: $? = 0
configure:4361: result: none needed
configure:4383: checking dependency style of /usr/bin/mpicc
configure:4494: result: gcc3
configure:4510: checking whether /usr/bin/mpicc and cc understand -c and -o together
configure:4541: /usr/bin/mpicc -c conftest.c -o conftest2.o >&5
configure:4545: $? = 0
configure:4551: /usr/bin/mpicc -c conftest.c -o conftest2.o >&5
configure:4555: $? = 0
configure:4566: cc -c conftest.c >&5
configure:4570: $? = 0
configure:4578: cc -c conftest.c -o conftest2.o >&5
configure:4582: $? = 0
configure:4588: cc -c conftest.c -o conftest2.o >&5
configure:4592: $? = 0
configure:4610: result: yes
configure:4749: checking for C++ compiler version
configure:4758: /usr/bin/mpicxx --version >&5
g++ (Ubuntu 4.8.4-2ubuntu1~14.04.3) 4.8.4
Copyright (C) 2013 Free Software Foundation, Inc.
This is free software; see the source for copying conditions.  There is NO
warranty; not even for MERCHANTABILITY or FITNESS FOR A PARTICULAR PURPOSE.

configure:4769: $? = 0
configure:4758: /usr/bin/mpicxx -v >&5
Using built-in specs.
COLLECT_GCC=/usr/bin/g++
COLLECT_LTO_WRAPPER=/usr/lib/gcc/x86_64-linux-gnu/4.8/lto-wrapper
Target: x86_64-linux-gnu
Configured with: ../src/configure -v --with-pkgversion='Ubuntu 4.8.4-2ubuntu1~14.04.3' --with-bugurl=file:///usr/share/doc/gcc-4.8/README.Bugs --enable-languages=c,c++,java,go,d,fortran,objc,obj-c++ --prefix=/usr --program-suffix=-4.8 --enable-shared --enable-linker-build-id --libexecdir=/usr/lib --without-included-gettext --enable-threads=posix --with-gxx-include-dir=/usr/include/c++/4.8 --libdir=/usr/lib --enable-nls --with-sysroot=/ --enable-clocale=gnu --enable-libstdcxx-debug --enable-libstdcxx-time=yes --enable-gnu-unique-object --disable-libmudflap --enable-plugin --with-system-zlib --disable-browser-plugin --enable-java-awt=gtk --enable-gtk-cairo --with-java-home=/usr/lib/jvm/java-1.5.0-gcj-4.8-amd64/jre --enable-java-home --with-jvm-root-dir=/usr/lib/jvm/java-1.5.0-gcj-4.8-amd64 --with-jvm-jar-dir=/usr/lib/jvm-exports/java-1.5.0-gcj-4.8-amd64 --with-arch-directory=amd64 --with-ecj-jar=/usr/share/java/eclipse-ecj.jar --enable-objc-gc --enable-multiarch --disable-werror --with-arch-32=i686 --with-abi=m64 --with-multilib-list=m32,m64,mx32 --with-tune=generic --enable-checking=release --build=x86_64-linux-gnu --host=x86_64-linux-gnu --target=x86_64-linux-gnu
Thread model: posix
gcc version 4.8.4 (Ubuntu 4.8.4-2ubuntu1~14.04.3) 
configure:4769: $? = 0
configure:4758: /usr/bin/mpicxx -V >&5
g++: error: unrecognized command line option '-V'
g++: fatal error: no input files
compilation terminated.
configure:4769: $? = 4
configure:4758: /usr/bin/mpicxx -qversion >&5
g++: error: unrecognized command line option '-qversion'
g++: fatal error: no input files
compilation terminated.
configure:4769: $? = 4
configure:4773: checking whether we are using the GNU C++ compiler
configure:4792: /usr/bin/mpicxx -c   conftest.cpp >&5
configure:4792: $? = 0
configure:4801: result: yes
configure:4810: checking whether /usr/bin/mpicxx accepts -g
configure:4830: /usr/bin/mpicxx -c -g  conftest.cpp >&5
configure:4830: $? = 0
configure:4871: result: yes
configure:4896: checking dependency style of /usr/bin/mpicxx
configure:5007: result: gcc3
configure:5485: checking for ranlib
configure:5501: found /usr/bin/ranlib
configure:5512: result: ranlib
configure:5538: checking whether additional CCFLAGS flags should be added
configure:5549: result: no
configure:5557: checking whether additional CXXFLAGS flags should be added
configure:5568: result: no
configure:5577: checking whether additional CFLAGS flags should be added
configure:5588: result: no
configure:5595: checking whether additional FCFLAGS flags should be added
configure:5606: result: no
configure:5614: checking whether additional libraries are needed
configure:5625: result: no
configure:5633: checking whether additional LDFLAGS flags should be added
configure:5644: result: no
configure:5677: checking for special archiver command
configure:5691: result: none
configure:5714: checking how to run the C++ preprocessor
configure:5741: /usr/bin/mpicxx -E  conftest.cpp
configure:5741: $? = 0
configure:5755: /usr/bin/mpicxx -E  conftest.cpp
conftest.cpp:12:28: fatal error: ac_nonexistent.h: No such file or directory
 #include <ac_nonexistent.h>
                            ^
compilation terminated.
configure:5755: $? = 1
configure: failed program was:
| /* confdefs.h */
| #define PACKAGE_NAME "Zoltan"
| #define PACKAGE_TARNAME "zoltan"
| #define PACKAGE_VERSION "3.6"
| #define PACKAGE_STRING "Zoltan 3.6"
| #define PACKAGE_BUGREPORT "lriesen@sandia.gov"
| #define PACKAGE_URL ""
| #define HOST_LINUX 1
| #define HAVE_ZOLTAN_CPPDRIVER /**/
| #define HAVE_MPI /**/
| /* end confdefs.h.  */
| #include <ac_nonexistent.h>
configure:5780: result: /usr/bin/mpicxx -E
configure:5800: /usr/bin/mpicxx -E  conftest.cpp
configure:5800: $? = 0
configure:5814: /usr/bin/mpicxx -E  conftest.cpp
conftest.cpp:12:28: fatal error: ac_nonexistent.h: No such file or directory
 #include <ac_nonexistent.h>
                            ^
compilation terminated.
configure:5814: $? = 1
configure: failed program was:
| /* confdefs.h */
| #define PACKAGE_NAME "Zoltan"
| #define PACKAGE_TARNAME "zoltan"
| #define PACKAGE_VERSION "3.6"
| #define PACKAGE_STRING "Zoltan 3.6"
| #define PACKAGE_BUGREPORT "lriesen@sandia.gov"
| #define PACKAGE_URL ""
| #define HOST_LINUX 1
| #define HAVE_ZOLTAN_CPPDRIVER /**/
| #define HAVE_MPI /**/
| /* end confdefs.h.  */
| #include <ac_nonexistent.h>
configure:5861: checking for mpi.h
configure:5867: /usr/bin/mpicxx -E  conftest.cpp
configure:5867: $? = 0
configure:5868: result: yes
configure:5931: checking whether to build export makefiles
configure:5936: result: yes
configure:6008: checking for perl
configure:6024: found /usr/bin/perl
configure:6036: result: yes
configure:6078: checking whether gnumake specific code should be enabled
configure:6088: result: no
configure:6115: checking data type for ZOLTAN_ID_TYPE
configure:6155: result: typedef unsigned int ZOLTAN_ID_TYPE
configure:6169: checking whether to use gzip
configure:6179: result: no
configure:6205: checking whether to use parmetis
configure:6215: result: no
configure:6268: checking whether to use scotch
configure:6278: result: no
configure:6332: checking whether to use patoh
configure:6342: result: no
configure:6393: checking whether to use nemesis_exodus
configure:6403: result: no
configure:6439: checking whether to use tests
configure:6443: result: yes
configure:6470: checking whether to use zoltan-tests
configure:6474: result: yes
configure:6502: checking whether to use examples
configure:6506: result: yes
configure:6533: checking whether to use zoltan-examples
configure:6537: result: yes
configure:6586: checking whether additional library search paths defined
configure:6597: result: no
configure:6605: checking whether additional include search paths defined
configure:6619: result: no
configure:8254: creating ./config.status

## ---------------------- ##
## Running config.status. ##
## ---------------------- ##

This file was extended by Zoltan config.status 3.6, which was
generated by GNU Autoconf 2.68.  Invocation command line was

  CONFIG_FILES    = 
  CONFIG_HEADERS  = 
  CONFIG_LINKS    = 
  CONFIG_COMMANDS = 
  $ ./config.status 

on liec-PC

config.status:945: creating Makefile
config.status:945: creating src/Makefile
config.status:945: creating src/driver/Makefile
config.status:945: creating src/fdriver/Makefile
config.status:945: creating Makefile.export.zoltan
config.status:945: creating example/Makefile
config.status:945: creating example/C/Makefile
config.status:945: creating example/CPP/Makefile
config.status:945: creating siMPI/Makefile
config.status:945: creating siMPI/pyMPI/Makefile
config.status:945: creating siMPI/pyMPI/siMPI/Makefile
config.status:945: creating src/include/Zoltan_config.h
config.status:1111: src/include/Zoltan_config.h is unchanged
config.status:1159: executing depfiles commands

## ---------------- ##
## Cache variables. ##
## ---------------- ##

ac_cv_build=x86_64-unknown-linux-gnu
ac_cv_c_compiler_gnu=yes
ac_cv_cxx_compiler_gnu=yes
ac_cv_env_CCC_set=
ac_cv_env_CCC_value=
ac_cv_env_CC_set=
ac_cv_env_CC_value=
ac_cv_env_CFLAGS_set=
ac_cv_env_CFLAGS_value=
ac_cv_env_CPPFLAGS_set=
ac_cv_env_CPPFLAGS_value=
ac_cv_env_CXXCPP_set=
ac_cv_env_CXXCPP_value=
ac_cv_env_CXXFLAGS_set=
ac_cv_env_CXXFLAGS_value=
ac_cv_env_CXX_set=
ac_cv_env_CXX_value=
ac_cv_env_FCFLAGS_set=
ac_cv_env_FCFLAGS_value=
ac_cv_env_FC_set=
ac_cv_env_FC_value=
ac_cv_env_LDFLAGS_set=
ac_cv_env_LDFLAGS_value=
ac_cv_env_LIBS_set=
ac_cv_env_LIBS_value=
ac_cv_env_build_alias_set=
ac_cv_env_build_alias_value=
ac_cv_env_host_alias_set=
ac_cv_env_host_alias_value=
ac_cv_env_target_alias_set=
ac_cv_env_target_alias_value=
ac_cv_host=x86_64-unknown-linux-gnu
ac_cv_objext=o
ac_cv_path_MPI_CC=/usr/bin/mpicc
ac_cv_path_MPI_CXX=/usr/bin/mpicxx
ac_cv_path_install='/usr/bin/install -c'
ac_cv_path_mkdir=/bin/mkdir
ac_cv_prog_AWK=mawk
ac_cv_prog_CXXCPP='/usr/bin/mpicxx -E'
ac_cv_prog_HAVE_PERL=yes
ac_cv_prog_ac_ct_CC=/usr/bin/mpicc
ac_cv_prog_ac_ct_RANLIB=ranlib
ac_cv_prog_cc__usr_bin_mpicc_c_o=yes
ac_cv_prog_cc_c89=
ac_cv_prog_cc_g=yes
ac_cv_prog_cxx_g=yes
ac_cv_prog_make_make_set=yes
ac_cv_target=x86_64-unknown-linux-gnu
ac_cv_use_examples=yes
ac_cv_use_export_makefiles=yes
ac_cv_use_f90interface=no
ac_cv_use_fortran90=no
ac_cv_use_fortran=no
ac_cv_use_gnumake=no
ac_cv_use_gzip=no
ac_cv_use_nemesis_exodus=no
ac_cv_use_parmetis=no
ac_cv_use_patoh=no
ac_cv_use_scotch=no
ac_cv_use_tests=yes
ac_cv_use_zoltan_cppdriver=yes
ac_cv_use_zoltan_examples=yes
ac_cv_use_zoltan_tests=yes
am_cv_CC_dependencies_compiler_type=gcc3
am_cv_CXX_dependencies_compiler_type=gcc3
am_cv_prog_tar_ustar=gnutar
ax_cv_f90_modulecase=lower

## ----------------- ##
## Output variables. ##
## ----------------- ##

ACLOCAL='${SHELL} /home/liec/HP/Zoltan/config/missing --run aclocal-1.11'
ALTERNATE_AR=''
AMDEPBACKSLASH='\'
AMDEP_FALSE='#'
AMDEP_TRUE=''
AMTAR='$${TAR-tar}'
AUTOCONF='${SHELL} /home/liec/HP/Zoltan/config/missing --run autoconf'
AUTOHEADER='${SHELL} /home/liec/HP/Zoltan/config/missing --run autoheader'
AUTOMAKE='${SHELL} /home/liec/HP/Zoltan/config/missing --run automake-1.11'
AWK='mawk'
BUILD_EXAMPLES_FALSE='#'
BUILD_EXAMPLES_TRUE=''
BUILD_GZIP_FALSE=''
BUILD_GZIP_TRUE='#'
BUILD_PARMETIS_FALSE=''
BUILD_PARMETIS_TRUE='#'
BUILD_SCOTCH_FALSE=''
BUILD_SCOTCH_TRUE='#'
BUILD_TESTS_FALSE='#'
BUILD_TESTS_TRUE=''
BUILD_ZOLTAN_F90_INTERFACE_FALSE=''
BUILD_ZOLTAN_F90_INTERFACE_TRUE='#'
CC='/usr/bin/mpicc'
CCDEPMODE='depmode=gcc3'
CFLAGS='-g -O2'
CPPFLAGS='-DAUTOTOOLS_BUILD  '
CXX='/usr/bin/mpicxx'
CXXCPP='/usr/bin/mpicxx -E'
CXXDEPMODE='depmode=gcc3'
CXXFLAGS='-DMPICH_IGNORE_CXX_SEEK  -g -O2'
CYGPATH_W='echo'
DEFS='-DHAVE_CONFIG_H'
DEPDIR='.deps'
ECHO_C=''
ECHO_N='-n'
ECHO_T=''
EXEEXT=''
F90_MODULE_LOWERCASE_FALSE='#'
F90_MODULE_LOWERCASE_TRUE=''
FC=''
FCFLAGS=''
FCFLAGS_f90=''
FCFLAGS_f=''
FCLIBS=''
FC_MAJOR_VERSION=''
FC_MODNAME=''
FC_MODNAME_Q=''
FC_VENDOR='none'
FC_VERSION=''
FC_VERSION_STRING=''
HAVE_MPI_FALSE='#'
HAVE_MPI_TRUE=''
HAVE_PERL='yes'
HAVE_ZOLTAN_CPPDRIVER_FALSE='#'
HAVE_ZOLTAN_CPPDRIVER_TRUE=''
HOST_CYGWIN_FALSE=''
HOST_CYGWIN_TRUE='#'
HOST_LINUX_FALSE='#'
HOST_LINUX_TRUE=''
HOST_SOLARIS_FALSE=''
HOST_SOLARIS_TRUE='#'
INSTALL_DATA='${INSTALL} -m 644'
INSTALL_PROGRAM='${INSTALL}'
INSTALL_SCRIPT='${INSTALL}'
INSTALL_STRIP_PROGRAM='$(install_sh) -c -s'
LDFLAGS=''
LIBOBJS=''
LIBS=' -lm'
LTLIBOBJS=''
MAINT='#'
MAINTAINER_MODE_FALSE=''
MAINTAINER_MODE_TRUE='#'
MAKEINFO='${SHELL} /home/liec/HP/Zoltan/config/missing --run makeinfo'
MKDIR_P='/bin/mkdir -p'
MPI_CC='/usr/bin/mpicc'
MPI_CXX='/usr/bin/mpicxx'
MPI_FC=''
MPI_RECV_LIMIT_FLAG=''
NAG_F90_COMPILER_FALSE=''
NAG_F90_COMPILER_TRUE='#'
OBJEXT='o'
PACKAGE='zoltan'
PACKAGE_BUGREPORT='lriesen@sandia.gov'
PACKAGE_NAME='Zoltan'
PACKAGE_STRING='Zoltan 3.6'
PACKAGE_TARNAME='zoltan'
PACKAGE_URL=''
PACKAGE_VERSION='3.6'
PATH_SEPARATOR=':'
PERL_EXE='perl'
RANLIB='ranlib'
SET_MAKE=''
SHELL='/bin/bash'
STRIP=''
SUB_EXAMPLE_FALSE=''
SUB_EXAMPLE_TRUE='#'
SUB_TEST_FALSE=''
SUB_TEST_TRUE='#'
USE_ALTERNATE_AR_FALSE=''
USE_ALTERNATE_AR_TRUE='#'
USING_EXPORT_MAKEFILES_FALSE='#'
USING_EXPORT_MAKEFILES_TRUE=''
USING_GNUMAKE_FALSE=''
USING_GNUMAKE_TRUE='#'
USING_PERL_FALSE='#'
USING_PERL_TRUE=''
VERSION='3.6'
ac_aux_dir='../config'
ac_ct_CC='/usr/bin/mpicc'
ac_ct_CXX=''
ac_ct_FC=''
am__EXEEXT_FALSE=''
am__EXEEXT_TRUE='#'
am__fastdepCC_FALSE='#'
am__fastdepCC_TRUE=''
am__fastdepCXX_FALSE='#'
am__fastdepCXX_TRUE=''
am__include='include'
am__isrc=' -I$(srcdir)'
am__leading_dot='.'
am__nodep='_no'
am__quote=''
am__tar='tar --format=ustar -chf - "$$tardir"'
am__untar='tar -xf -'
bindir='${exec_prefix}/bin'
build='x86_64-unknown-linux-gnu'
build_alias=''
build_cpu='x86_64'
build_os='linux-gnu'
build_vendor='unknown'
datadir='${datarootdir}'
datarootdir='${prefix}/share'
docdir='${datarootdir}/doc/${PACKAGE_TARNAME}'
dvidir='${docdir}'
exec_prefix='${prefix}'
host='x86_64-unknown-linux-gnu'
host_alias=''
host_cpu='x86_64'
host_os='linux-gnu'
host_vendor='unknown'
htmldir='${docdir}'
includedir='${prefix}/include'
infodir='${datarootdir}/info'
install_sh='${SHELL} /home/liec/HP/Zoltan/config/install-sh'
libdir='${exec_prefix}/lib'
libexecdir='${exec_prefix}/libexec'
localedir='${datarootdir}/locale'
localstatedir='${prefix}/var'
mandir='${datarootdir}/man'
mkdir_p='/bin/mkdir -p'
oldincludedir='/usr/include'
pdfdir='${docdir}'
prefix='/usr/local'
program_transform_name='s,x,x,'
psdir='${docdir}'
sbindir='${exec_prefix}/sbin'
sharedstatedir='${prefix}/com'
sysconfdir='${prefix}/etc'
target='x86_64-unknown-linux-gnu'
target_alias=''
target_cpu='x86_64'
target_os='linux-gnu'
target_vendor='unknown'

## ----------- ##
## confdefs.h. ##
## ----------- ##

/* confdefs.h */
#define PACKAGE_NAME "Zoltan"
#define PACKAGE_TARNAME "zoltan"
#define PACKAGE_VERSION "3.6"
#define PACKAGE_STRING "Zoltan 3.6"
#define PACKAGE_BUGREPORT "lriesen@sandia.gov"
#define PACKAGE_URL ""
#define HOST_LINUX 1
#define HAVE_ZOLTAN_CPPDRIVER /**/
#define HAVE_MPI /**/
#define HAVE_EXPORT_MAKEFILES /**/
#define UNSIGNED_INT_GLOBAL_IDS 1
#define HAVE_TESTS /**/
#define HAVE_ZOLTAN_TESTS /**/
#define HAVE_EXAMPLES /**/
#define HAVE_ZOLTAN_EXAMPLES /**/

configure: exit 0
